<?xml version="1.0" encoding="UTF-8"?>
<testsuite xmlns:xsi="http://www.w3.org/2001/XMLSchema-instance" xsi:noNamespaceSchemaLocation="https://maven.apache.org/surefire/maven-surefire-plugin/xsd/surefire-test-report.xsd" name="RadioTest" time="0.039" tests="9" errors="0" skipped="0" failures="0">
  <properties>
[...]
</properties>
  <testcase name="shouldTurnOverMaxVolume" classname="RadioTest" time="0"/>
  <testcase name="shouldSetCurrentStation" classname="RadioTest" time="0"/>
  <testcase name="shouldReturnPrevStation" classname="RadioTest" time="0"/>
  <testcase name="shouldIncreaseVolume" classname="RadioTest" time="0.003"/>
  <testcase name="test" classname="RadioTest" time="0.003"/>
  <testcase name="shouldDecreaseVolume" classname="RadioTest" time="0.001"/>
  <testcase name="shouldSetCurrentVolume" classname="RadioTest" time="0.007"/>
  <testcase name="shouldTurnOnTheNextStation" classname="RadioTest" time="0.002"/>
  <testcase name="shouldTurnOnUnderMinVolume" classname="RadioTest" time="0.002"/>
</testsuite>